2025-09-18 23:40:59,362 [restartedMain] INFO  com.ksa.LoggingProjectApplication                  - Starting LoggingProjectApplication using Java 17.0.11 with PID 9740 (C:\Users\Trainer\Desktop\Practice\Logger\target\classes started by Trainer in C:\Users\Trainer\Desktop\Practice\Logger)
2025-09-18 23:40:59,364 [restartedMain] INFO  com.ksa.LoggingProjectApplication                  - No active profile set, falling back to 1 default profile: "default"
2025-09-18 23:40:59,397 [restartedMain] INFO  o.s.b.d.e.DevToolsPropertyDefaultsPostProcessor    - Devtools property defaults active! Set 'spring.devtools.add-properties' to 'false' to disable
2025-09-18 23:40:59,397 [restartedMain] INFO  o.s.b.d.e.DevToolsPropertyDefaultsPostProcessor    - For additional web related logging consider setting the 'logging.level.web' property to 'DEBUG'
2025-09-18 23:41:00,142 [restartedMain] INFO  o.s.b.w.embedded.tomcat.TomcatWebServer            - Tomcat initialized with port 8080 (http)
2025-09-18 23:41:00,154 [restartedMain] INFO  o.apache.coyote.http11.Http11NioProtocol           - Initializing ProtocolHandler ["http-nio-8080"]
2025-09-18 23:41:00,155 [restartedMain] INFO  o.apache.catalina.core.StandardService             - Starting service [Tomcat]
2025-09-18 23:41:00,155 [restartedMain] INFO  org.apache.catalina.core.StandardEngine            - Starting Servlet engine: [Apache Tomcat/10.1.44]
2025-09-18 23:41:00,191 [restartedMain] INFO  o.a.c.c.C.[Tomcat].[localhost].[/]                 - Initializing Spring embedded WebApplicationContext
2025-09-18 23:41:00,192 [restartedMain] INFO  o.s.b.w.s.c.ServletWebServerApplicationContext     - Root WebApplicationContext: initialization completed in 793 ms
2025-09-18 23:41:00,457 [restartedMain] INFO  o.s.b.d.a.OptionalLiveReloadServer                 - LiveReload server is running on port 35729
2025-09-18 23:41:00,468 [restartedMain] INFO  o.apache.coyote.http11.Http11NioProtocol           - Starting ProtocolHandler ["http-nio-8080"]
2025-09-18 23:41:00,485 [restartedMain] INFO  o.s.b.w.embedded.tomcat.TomcatWebServer            - Tomcat started on port 8080 (http) with context path '/'
2025-09-18 23:41:00,495 [restartedMain] INFO  com.ksa.LoggingProjectApplication                  - Started LoggingProjectApplication in 1.46 seconds (process running for 2.111)
2025-09-18 23:41:09,901 [http-nio-8080-exec-1] INFO  o.a.c.c.C.[Tomcat].[localhost].[/]                 - Initializing Spring DispatcherServlet 'dispatcherServlet'
2025-09-18 23:41:09,901 [http-nio-8080-exec-1] INFO  o.s.web.servlet.DispatcherServlet                  - Initializing Servlet 'dispatcherServlet'
2025-09-18 23:41:09,903 [http-nio-8080-exec-1] INFO  o.s.web.servlet.DispatcherServlet                  - Completed initialization in 2 ms
2025-09-18 23:41:09,924 [http-nio-8080-exec-1] INFO  com.ksa.rest.MsgRestController                     - ***************welcome() to info ***************************
2025-09-18 23:41:09,924 [http-nio-8080-exec-1] WARN  com.ksa.rest.MsgRestController                     - ***************welcome() to warn ***************************
2025-09-18 23:41:09,924 [http-nio-8080-exec-1] ERROR com.ksa.rest.MsgRestController                     - ***************welcome() to error ***************************
2025-09-18 23:41:31,147 [http-nio-8080-exec-4] INFO  com.ksa.rest.MsgRestController                     - ***************welcome() to info ***************************
2025-09-18 23:41:31,147 [http-nio-8080-exec-4] WARN  com.ksa.rest.MsgRestController                     - ***************welcome() to warn ***************************
2025-09-18 23:41:31,147 [http-nio-8080-exec-4] ERROR com.ksa.rest.MsgRestController                     - ***************welcome() to error ***************************
2025-09-18 23:41:31,819 [http-nio-8080-exec-5] INFO  com.ksa.rest.MsgRestController                     - ***************welcome() to info ***************************
2025-09-18 23:41:31,820 [http-nio-8080-exec-5] WARN  com.ksa.rest.MsgRestController                     - ***************welcome() to warn ***************************
2025-09-18 23:41:31,820 [http-nio-8080-exec-5] ERROR com.ksa.rest.MsgRestController                     - ***************welcome() to error ***************************
